0 info it worked if it ends with ok
1 verbose cli [ '/usr/bin/node', '/usr/bin/npm', 'run', 'start' ]
2 info using npm@3.5.2
3 info using node@v8.10.0
4 verbose run-script [ 'prestart', 'start', 'poststart' ]
5 info lifecycle helpingblocks@0.0.0~prestart: helpingblocks@0.0.0
6 silly lifecycle helpingblocks@0.0.0~prestart: no script for prestart, continuing
7 info lifecycle helpingblocks@0.0.0~start: helpingblocks@0.0.0
8 verbose lifecycle helpingblocks@0.0.0~start: unsafe-perm in lifecycle true
9 verbose lifecycle helpingblocks@0.0.0~start: PATH: /usr/share/npm/bin/node-gyp-bin:/mnt/c/Users/sucha/dev/webapp/node_modules/.bin:/usr/local/sbin:/usr/local/bin:/usr/sbin:/usr/bin:/sbin:/bin:/usr/games:/usr/local/games:/mnt/c/cmder/vendor/conemu-maximus5/ConEmu/wsl:/mnt/c/cmder/vendor/conemu-maximus5/ConEmu/Scripts:/mnt/c/cmder/vendor/conemu-maximus5:/mnt/c/cmder/vendor/conemu-maximus5/ConEmu:/mnt/c/Windows/System32:/mnt/c/Windows:/mnt/c/Windows/System32/wbem:/mnt/c/Windows/System32/WindowsPowerShell/v1.0:/mnt/c/Windows/System32/OpenSSH:/mnt/c/Program Files (x86)/Common Files/Acronis/SnapAPI:/mnt/c/Program Files/Git/cmd:/mnt/c/Program Files/Git/mingw64/bin:/mnt/c/Program Files/Git/usr/bin:/mnt/c/Program Files/Geth:/mnt/c/ProgramData/chocolatey/bin:/mnt/c/Program Files (x86)/NVIDIA Corporation/PhysX/Common:/mnt/c/ProgramData/ComposerSetup/bin:/mnt/c/Windows/System32:/mnt/c/Windows:/mnt/c/Windows/System32/wbem:/mnt/c/Windows/System32/WindowsPowerShell/v1.0:/mnt/c/Windows/System32/OpenSSH:/mnt/c/Android:/mnt/c/Program Files/nodejs:/mnt/c/Program Files/Geth:/mnt/c/Program Files (x86)/MSBuild/14.0/Bin:/mnt/c/Users/sucha/.windows-build-tools/python27:/mnt/c/Users/sucha/AppData/Roaming/npm/node_modules/npm/node_modules/npm-lifecycle/node-gyp-bin:/mnt/c/Users/sucha/AppData/Roaming/npm/node_modules/windows-build-tools/node_modules/.bin:/mnt/c/Users/sucha/AppData/Roaming/npm/node_modules/.bin:/mnt/c/Windows/System32:/mnt/c/Windows:/mnt/c/Windows/System32/wbem:/mnt/c/Windows/System32/WindowsPowerShell/v1.0:/mnt/c/Windows/System32/OpenSSH:/mnt/c/Program Files (x86)/Common Files/Acronis/SnapAPI:/mnt/c/Program Files/Git/cmd:/mnt/c/Program Files/Git/mingw64/bin:/mnt/c/Program Files/Git/usr/bin:/mnt/c/Program Files/Geth:/mnt/c/ProgramData/chocolatey/bin:/mnt/c/Program Files (x86)/NVIDIA Corporation/PhysX/Common:/mnt/c/ProgramData/ComposerSetup/bin:/mnt/c/Windows/System32:/mnt/c/Windows:/mnt/c/Windows/System32/wbem:/mnt/c/Windows/System32/WindowsPowerShell/v1.0:/mnt/c/Windows/System32/OpenSSH:/mnt/c/Android:/mnt/c/Program Files/nodejs:/mnt/c/Users/sucha/AppData/Local/Microsoft/WindowsApps:/mnt/c/wamp64/bin/php/php7.2.14:/mnt/c/Users/sucha/AppData/Roaming/Composer/vendor/bin:/mnt/c/wamp64/bin/mysql/mysql5.7.24/bin:/mnt/c/Users/sucha/AppData/Roaming/npm:/mnt/c/Users/sucha/dev:/snap/bin
10 verbose lifecycle helpingblocks@0.0.0~start: CWD: /mnt/c/Users/sucha/dev/webapp
11 silly lifecycle helpingblocks@0.0.0~start: Args: [ '-c', 'node ./bin/www' ]
12 silly lifecycle helpingblocks@0.0.0~start: Returned: code: 1  signal: null
13 info lifecycle helpingblocks@0.0.0~start: Failed to exec start script
14 verbose stack Error: helpingblocks@0.0.0 start: `node ./bin/www`
14 verbose stack Exit status 1
14 verbose stack     at EventEmitter.<anonymous> (/usr/share/npm/lib/utils/lifecycle.js:232:16)
14 verbose stack     at emitTwo (events.js:126:13)
14 verbose stack     at EventEmitter.emit (events.js:214:7)
14 verbose stack     at ChildProcess.<anonymous> (/usr/share/npm/lib/utils/spawn.js:24:14)
14 verbose stack     at emitTwo (events.js:126:13)
14 verbose stack     at ChildProcess.emit (events.js:214:7)
14 verbose stack     at maybeClose (internal/child_process.js:925:16)
14 verbose stack     at Process.ChildProcess._handle.onexit (internal/child_process.js:209:5)
15 verbose pkgid helpingblocks@0.0.0
16 verbose cwd /mnt/c/Users/sucha/dev/webapp
17 error Linux 4.4.0-17763-Microsoft
18 error argv "/usr/bin/node" "/usr/bin/npm" "run" "start"
19 error node v8.10.0
20 error npm  v3.5.2
21 error code ELIFECYCLE
22 error helpingblocks@0.0.0 start: `node ./bin/www`
22 error Exit status 1
23 error Failed at the helpingblocks@0.0.0 start script 'node ./bin/www'.
23 error Make sure you have the latest version of node.js and npm installed.
23 error If you do, this is most likely a problem with the helpingblocks package,
23 error not with npm itself.
23 error Tell the author that this fails on your system:
23 error     node ./bin/www
23 error You can get information on how to open an issue for this project with:
23 error     npm bugs helpingblocks
23 error Or if that isn't available, you can get their info via:
23 error     npm owner ls helpingblocks
23 error There is likely additional logging output above.
24 verbose exit [ 1, true ]
